<?xml version="1.0" encoding="UTF-8"?>
<testng-results skipped="0" failed="0" total="1" passed="1">
  <reporter-output>
  </reporter-output>
  <suite name="Default suite" duration-ms="28716" started-at="2021-04-25T07:20:45Z" finished-at="2021-04-25T07:21:14Z">
    <groups>
    </groups>
    <test name="Default test" duration-ms="28716" started-at="2021-04-25T07:20:45Z" finished-at="2021-04-25T07:21:14Z">
      <class name="test.LoginTest">
        <test-method status="PASS" signature="beforeTest()[pri:0, instance:test.LoginTest@29ee9faa]" name="beforeTest" is-config="true" duration-ms="21673" started-at="2021-04-25T11:20:45Z" finished-at="2021-04-25T11:21:07Z">
          <reporter-output>
          </reporter-output>
        </test-method> <!-- beforeTest -->
        <test-method status="PASS" signature="login()[pri:0, instance:test.LoginTest@29ee9faa]" name="login" duration-ms="5692" started-at="2021-04-25T11:21:07Z" finished-at="2021-04-25T11:21:13Z">
          <reporter-output>
          </reporter-output>
        </test-method> <!-- login -->
        <test-method status="PASS" signature="afterMethod()[pri:0, instance:test.LoginTest@29ee9faa]" name="afterMethod" is-config="true" duration-ms="1" started-at="2021-04-25T11:21:13Z" finished-at="2021-04-25T11:21:13Z">
          <reporter-output>
          </reporter-output>
        </test-method> <!-- afterMethod -->
        <test-method status="PASS" signature="afterTest()[pri:0, instance:test.LoginTest@29ee9faa]" name="afterTest" is-config="true" duration-ms="1301" started-at="2021-04-25T11:21:13Z" finished-at="2021-04-25T11:21:14Z">
          <reporter-output>
          </reporter-output>
        </test-method> <!-- afterTest -->
      </class> <!-- test.LoginTest -->
    </test> <!-- Default test -->
  </suite> <!-- Default suite -->
</testng-results>
