<?xml version="1.0" encoding="UTF-8"?>
<testng-results skipped="0" failed="0" total="1" passed="1">
  <reporter-output>
  </reporter-output>
  <suite name="Default suite" duration-ms="25238" started-at="2021-04-22T08:38:35Z" finished-at="2021-04-22T08:39:00Z">
    <groups>
    </groups>
    <test name="Default test" duration-ms="25238" started-at="2021-04-22T08:38:35Z" finished-at="2021-04-22T08:39:00Z">
      <class name="test.HomeTest">
        <test-method status="PASS" signature="beforeTest()[pri:0, instance:test.HomeTest@29ee9faa]" name="beforeTest" is-config="true" duration-ms="8583" started-at="2021-04-22T12:38:35Z" finished-at="2021-04-22T12:38:43Z">
          <reporter-output>
          </reporter-output>
        </test-method> <!-- beforeTest -->
        <test-method status="PASS" signature="Home()[pri:0, instance:test.HomeTest@29ee9faa]" name="Home" duration-ms="15903" started-at="2021-04-22T12:38:43Z" finished-at="2021-04-22T12:38:59Z">
          <reporter-output>
          </reporter-output>
        </test-method> <!-- Home -->
        <test-method status="PASS" signature="afterMethod()[pri:0, instance:test.HomeTest@29ee9faa]" name="afterMethod" is-config="true" duration-ms="1" started-at="2021-04-22T12:38:59Z" finished-at="2021-04-22T12:38:59Z">
          <reporter-output>
          </reporter-output>
        </test-method> <!-- afterMethod -->
        <test-method status="PASS" signature="afterTest()[pri:0, instance:test.HomeTest@29ee9faa]" name="afterTest" is-config="true" duration-ms="714" started-at="2021-04-22T12:38:59Z" finished-at="2021-04-22T12:39:00Z">
          <reporter-output>
          </reporter-output>
        </test-method> <!-- afterTest -->
      </class> <!-- test.HomeTest -->
    </test> <!-- Default test -->
  </suite> <!-- Default suite -->
</testng-results>
